TN:
SF:src/types.ts
FN:6,(anonymous_0)
FNF:1
FNH:1
FNDA:1,(anonymous_0)
DA:1,1
DA:6,1
LF:2
LH:2
BRF:0
BRH:0
end_of_record
TN:
SF:src/entities/user.entity.ts
FN:3,(anonymous_0)
FN:12,(anonymous_1)
FNF:2
FNH:2
FNDA:1,(anonymous_0)
FNDA:1,(anonymous_1)
DA:3,1
DA:13,1
DA:14,1
DA:15,1
DA:16,1
LF:5
LH:5
BRF:0
BRH:0
end_of_record
TN:
SF:src/modules/createUser/create-user.service.ts
FN:12,(anonymous_0)
FN:22,(anonymous_6)
FN:15,(anonymous_7)
FNF:3
FNH:3
FNDA:1,(anonymous_0)
FNDA:1,(anonymous_6)
FNDA:1,(anonymous_7)
DA:1,1
DA:4,1
DA:5,1
DA:6,1
DA:7,1
DA:12,2
DA:19,1
DA:23,1
DA:25,1
DA:27,1
LF:10
LH:10
BRDA:17,0,0,1
BRDA:17,0,1,0
BRF:2
BRH:1
end_of_record
TN:
SF:src/repositories/in-memory/user-repository-in-memory.ts
FN:10,(anonymous_0)
FN:13,(anonymous_2)
FNF:2
FNH:2
FNDA:1,(anonymous_0)
FNDA:1,(anonymous_2)
DA:1,1
DA:4,1
DA:6,1
DA:10,2
DA:11,1
DA:14,1
DA:16,1
DA:18,1
LF:8
LH:8
BRF:0
BRH:0
end_of_record
